2024-04-29 15:24:59.940 [main] [INFO ] c.e.p.ProjectTemplateApplication:50 Starting ProjectTemplateApplication using Java 17.0.7 with PID 21912 (E:\study\java\project-template\project-template\target\classes started by Zheju Niu in E:\study\java\project-template\project-template)
2024-04-29 15:24:59.942 [main] [INFO ] c.e.p.ProjectTemplateApplication:660 The following 1 profile is active: "dev"
2024-04-29 15:25:00.362 [main] [INFO ] o.s.d.r.c.RepositoryConfigurationDelegate:295 Multiple Spring Data modules found, entering strict repository configuration mode
2024-04-29 15:25:00.363 [main] [INFO ] o.s.d.r.c.RepositoryConfigurationDelegate:143 Bootstrapping Spring Data Redis repositories in DEFAULT mode.
2024-04-29 15:25:00.378 [main] [INFO ] o.s.d.r.c.RepositoryConfigurationDelegate:211 Finished Spring Data repository scanning in 7 ms. Found 0 Redis repository interfaces.
2024-04-29 15:25:00.732 [main] [INFO ] o.s.b.w.e.tomcat.TomcatWebServer:109 Tomcat initialized with port 8080 (http)
2024-04-29 15:25:00.739 [main] [INFO ] o.a.catalina.core.StandardService:173 Starting service [Tomcat]
2024-04-29 15:25:00.739 [main] [INFO ] o.a.catalina.core.StandardEngine:173 Starting Servlet engine: [Apache Tomcat/10.1.20]
2024-04-29 15:25:00.787 [main] [INFO ] o.a.c.c.C.[Tomcat].[localhost].[/]:173 Initializing Spring embedded WebApplicationContext
2024-04-29 15:25:00.788 [main] [INFO ] o.s.b.w.s.c.ServletWebServerApplicationContext:296 Root WebApplicationContext: initialization completed in 816 ms
2024-04-29 15:25:00.957 [main] [INFO ] com.zaxxer.hikari.HikariDataSource:110 HikariCP - Starting...
2024-04-29 15:25:01.156 [main] [INFO ] com.zaxxer.hikari.pool.HikariPool:565 HikariCP - Added connection com.mysql.cj.jdbc.ConnectionImpl@612af486
2024-04-29 15:25:01.157 [main] [INFO ] com.zaxxer.hikari.HikariDataSource:123 HikariCP - Start completed.
2024-04-29 15:25:01.206 [main] [INFO ] o.f.c.i.license.VersionPrinter:37 Flyway Community Edition 9.22.3 by Redgate
2024-04-29 15:25:01.206 [main] [INFO ] o.f.c.i.license.VersionPrinter:37 See release notes here: https://rd.gt/416ObMi
2024-04-29 15:25:01.206 [main] [INFO ] o.f.c.i.license.VersionPrinter:37 
2024-04-29 15:25:01.219 [main] [INFO ] org.flywaydb.core.FlywayExecutor:37 Database: jdbc:mysql://192.168.56.101:3306/test (MySQL 8.0)
2024-04-29 15:25:01.250 [main] [INFO ] o.f.core.internal.command.DbValidate:37 Successfully validated 2 migrations (execution time 00:00.016s)
2024-04-29 15:25:01.269 [main] [INFO ] o.f.core.internal.command.DbMigrate:37 Current version of schema `test`: 1.0.1
2024-04-29 15:25:01.273 [main] [INFO ] o.f.core.internal.command.DbMigrate:37 Schema `test` is up to date. No migration necessary.
2024-04-29 15:25:01.725 [main] [INFO ] o.s.b.w.e.tomcat.TomcatWebServer:241 Tomcat started on port 8080 (http) with context path ''
2024-04-29 15:25:01.732 [main] [INFO ] c.e.p.ProjectTemplateApplication:56 Started ProjectTemplateApplication in 2.122 seconds (process running for 2.465)
2024-04-29 15:28:30.659 [SpringApplicationShutdownHook] [INFO ] com.zaxxer.hikari.HikariDataSource:350 HikariCP - Shutdown initiated...
2024-04-29 15:28:30.664 [SpringApplicationShutdownHook] [INFO ] com.zaxxer.hikari.HikariDataSource:352 HikariCP - Shutdown completed.
2024-04-29 15:28:33.494 [main] [INFO ] c.e.p.ProjectTemplateApplication:50 Starting ProjectTemplateApplication using Java 17.0.7 with PID 1584 (E:\study\java\project-template\project-template\target\classes started by Zheju Niu in E:\study\java\project-template\project-template)
2024-04-29 15:28:33.496 [main] [INFO ] c.e.p.ProjectTemplateApplication:660 The following 1 profile is active: "dev"
2024-04-29 15:28:33.889 [main] [INFO ] o.s.d.r.c.RepositoryConfigurationDelegate:295 Multiple Spring Data modules found, entering strict repository configuration mode
2024-04-29 15:28:33.891 [main] [INFO ] o.s.d.r.c.RepositoryConfigurationDelegate:143 Bootstrapping Spring Data Redis repositories in DEFAULT mode.
2024-04-29 15:28:33.905 [main] [INFO ] o.s.d.r.c.RepositoryConfigurationDelegate:211 Finished Spring Data repository scanning in 7 ms. Found 0 Redis repository interfaces.
2024-04-29 15:28:34.266 [main] [INFO ] o.s.b.w.e.tomcat.TomcatWebServer:109 Tomcat initialized with port 8080 (http)
2024-04-29 15:28:34.272 [main] [INFO ] o.a.catalina.core.StandardService:173 Starting service [Tomcat]
2024-04-29 15:28:34.273 [main] [INFO ] o.a.catalina.core.StandardEngine:173 Starting Servlet engine: [Apache Tomcat/10.1.20]
2024-04-29 15:28:34.313 [main] [INFO ] o.a.c.c.C.[Tomcat].[localhost].[/]:173 Initializing Spring embedded WebApplicationContext
2024-04-29 15:28:34.313 [main] [INFO ] o.s.b.w.s.c.ServletWebServerApplicationContext:296 Root WebApplicationContext: initialization completed in 785 ms
2024-04-29 15:28:34.467 [main] [INFO ] com.zaxxer.hikari.HikariDataSource:110 HikariCP - Starting...
2024-04-29 15:28:34.665 [main] [INFO ] com.zaxxer.hikari.pool.HikariPool:565 HikariCP - Added connection com.mysql.cj.jdbc.ConnectionImpl@f59da34
2024-04-29 15:28:34.667 [main] [INFO ] com.zaxxer.hikari.HikariDataSource:123 HikariCP - Start completed.
2024-04-29 15:28:34.718 [main] [INFO ] o.f.c.i.license.VersionPrinter:37 Flyway Community Edition 9.22.3 by Redgate
2024-04-29 15:28:34.719 [main] [INFO ] o.f.c.i.license.VersionPrinter:37 See release notes here: https://rd.gt/416ObMi
2024-04-29 15:28:34.719 [main] [INFO ] o.f.c.i.license.VersionPrinter:37 
2024-04-29 15:28:34.734 [main] [INFO ] org.flywaydb.core.FlywayExecutor:37 Database: jdbc:mysql://192.168.56.101:3306/test (MySQL 8.0)
2024-04-29 15:28:34.764 [main] [INFO ] o.f.core.internal.command.DbValidate:37 Successfully validated 2 migrations (execution time 00:00.016s)
2024-04-29 15:28:34.783 [main] [INFO ] o.f.core.internal.command.DbMigrate:37 Current version of schema `test`: 1.0.1
2024-04-29 15:28:34.785 [main] [INFO ] o.f.core.internal.command.DbMigrate:37 Schema `test` is up to date. No migration necessary.
2024-04-29 15:28:35.235 [main] [INFO ] o.s.b.w.e.tomcat.TomcatWebServer:241 Tomcat started on port 8080 (http) with context path ''
2024-04-29 15:28:35.241 [main] [INFO ] c.e.p.ProjectTemplateApplication:56 Started ProjectTemplateApplication in 2.074 seconds (process running for 2.425)
2024-04-29 15:28:48.916 [http-nio-8080-exec-1] [INFO ] o.a.c.c.C.[Tomcat].[localhost].[/]:173 Initializing Spring DispatcherServlet 'dispatcherServlet'
2024-04-29 15:28:48.916 [http-nio-8080-exec-1] [INFO ] o.s.web.servlet.DispatcherServlet:532 Initializing Servlet 'dispatcherServlet'
2024-04-29 15:28:48.917 [http-nio-8080-exec-1] [INFO ] o.s.web.servlet.DispatcherServlet:554 Completed initialization in 1 ms
2024-04-29 15:28:48.946 [http-nio-8080-exec-1] [WARN ] c.e.project.service.AreaService:27 xxx
2024-04-29 15:28:48.947 [http-nio-8080-exec-1] [ERROR] c.e.project.service.AreaService:28 xxxxx
2024-04-29 15:35:46.254 [SpringApplicationShutdownHook] [INFO ] com.zaxxer.hikari.HikariDataSource:350 HikariCP - Shutdown initiated...
2024-04-29 15:35:46.261 [SpringApplicationShutdownHook] [INFO ] com.zaxxer.hikari.HikariDataSource:352 HikariCP - Shutdown completed.
