2024-05-14 12:38:51.419 [main] [INFO ] c.e.p.ProjectTemplateApplication:50 Starting ProjectTemplateApplication using Java 17.0.7 with PID 14556 (E:\study\java\project-template\project-template\target\classes started by Zheju Niu in E:\study\java\project-template\project-template)
2024-05-14 12:38:51.423 [main] [INFO ] c.e.p.ProjectTemplateApplication:660 The following 1 profile is active: "dev"
2024-05-14 12:38:52.003 [main] [INFO ] o.s.d.r.c.RepositoryConfigurationDelegate:295 Multiple Spring Data modules found, entering strict repository configuration mode
2024-05-14 12:38:52.005 [main] [INFO ] o.s.d.r.c.RepositoryConfigurationDelegate:143 Bootstrapping Spring Data Redis repositories in DEFAULT mode.
2024-05-14 12:38:52.033 [main] [INFO ] o.s.d.r.c.RepositoryConfigurationDelegate:211 Finished Spring Data repository scanning in 15 ms. Found 0 Redis repository interfaces.
2024-05-14 12:38:52.536 [main] [INFO ] o.s.b.w.e.tomcat.TomcatWebServer:109 Tomcat initialized with port 8080 (http)
2024-05-14 12:38:52.546 [main] [INFO ] o.a.catalina.core.StandardService:173 Starting service [Tomcat]
2024-05-14 12:38:52.547 [main] [INFO ] o.a.catalina.core.StandardEngine:173 Starting Servlet engine: [Apache Tomcat/10.1.20]
2024-05-14 12:38:52.591 [main] [INFO ] o.a.c.c.C.[Tomcat].[localhost].[/]:173 Initializing Spring embedded WebApplicationContext
2024-05-14 12:38:52.592 [main] [INFO ] o.s.b.w.s.c.ServletWebServerApplicationContext:296 Root WebApplicationContext: initialization completed in 1127 ms
2024-05-14 12:38:52.873 [main] [INFO ] com.zaxxer.hikari.HikariDataSource:110 HikariCP - Starting...
2024-05-14 12:38:53.149 [main] [INFO ] com.zaxxer.hikari.pool.HikariPool:565 HikariCP - Added connection com.mysql.cj.jdbc.ConnectionImpl@29892a77
2024-05-14 12:38:53.150 [main] [INFO ] com.zaxxer.hikari.HikariDataSource:123 HikariCP - Start completed.
2024-05-14 12:38:53.207 [main] [INFO ] o.f.c.i.license.VersionPrinter:37 Flyway Community Edition 9.22.3 by Redgate
2024-05-14 12:38:53.207 [main] [INFO ] o.f.c.i.license.VersionPrinter:37 See release notes here: https://rd.gt/416ObMi
2024-05-14 12:38:53.208 [main] [INFO ] o.f.c.i.license.VersionPrinter:37 
2024-05-14 12:38:53.223 [main] [INFO ] org.flywaydb.core.FlywayExecutor:37 Database: jdbc:mysql://192.168.56.101:3306/project_template (MySQL 8.0)
2024-05-14 12:38:53.256 [main] [INFO ] o.f.c.i.s.JdbcTableSchemaHistory:37 Schema history table `project_template`.`flyway_schema_history` does not exist yet
2024-05-14 12:38:53.259 [main] [INFO ] o.f.core.internal.command.DbValidate:37 Successfully validated 1 migration (execution time 00:00.019s)
2024-05-14 12:38:53.280 [main] [INFO ] o.f.c.i.s.JdbcTableSchemaHistory:37 Creating Schema History table `project_template`.`flyway_schema_history` ...
2024-05-14 12:38:53.370 [main] [INFO ] o.f.core.internal.command.DbMigrate:37 Current version of schema `project_template`: << Empty Schema >>
2024-05-14 12:38:53.387 [main] [INFO ] o.f.core.internal.command.DbMigrate:37 Migrating schema `project_template` to version "1.0.1 - add table area"
2024-05-14 12:38:53.615 [main] [INFO ] o.f.core.internal.command.DbMigrate:37 Successfully applied 1 migration to schema `project_template`, now at version v1.0.1 (execution time 00:00.199s)
2024-05-14 12:38:53.631 [main] [WARN ] o.s.b.w.s.c.AnnotationConfigServletWebServerApplicationContext:632 Exception encountered during context initialization - cancelling refresh attempt: org.springframework.beans.factory.BeanCreationException: Error creating bean with name 'userPermissionService': Injection of autowired dependencies failed
2024-05-14 12:38:53.633 [main] [INFO ] com.zaxxer.hikari.HikariDataSource:350 HikariCP - Shutdown initiated...
2024-05-14 12:38:53.640 [main] [INFO ] com.zaxxer.hikari.HikariDataSource:352 HikariCP - Shutdown completed.
2024-05-14 12:38:53.642 [main] [INFO ] o.a.catalina.core.StandardService:173 Stopping service [Tomcat]
2024-05-14 12:38:53.651 [main] [INFO ] o.s.b.a.l.ConditionEvaluationReportLogger:82 

Error starting ApplicationContext. To display the condition evaluation report re-run your application with 'debug' enabled.
2024-05-14 12:38:53.661 [main] [ERROR] o.s.boot.SpringApplication:851 Application run failed
org.springframework.beans.factory.BeanCreationException: Error creating bean with name 'userPermissionService': Injection of autowired dependencies failed
	at org.springframework.beans.factory.annotation.AutowiredAnnotationBeanPostProcessor.postProcessProperties(AutowiredAnnotationBeanPostProcessor.java:514)
	at org.springframework.beans.factory.support.AbstractAutowireCapableBeanFactory.populateBean(AbstractAutowireCapableBeanFactory.java:1419)
	at org.springframework.beans.factory.support.AbstractAutowireCapableBeanFactory.doCreateBean(AbstractAutowireCapableBeanFactory.java:599)
	at org.springframework.beans.factory.support.AbstractAutowireCapableBeanFactory.createBean(AbstractAutowireCapableBeanFactory.java:522)
	at org.springframework.beans.factory.support.AbstractBeanFactory.lambda$doGetBean$0(AbstractBeanFactory.java:326)
	at org.springframework.beans.factory.support.DefaultSingletonBeanRegistry.getSingleton(DefaultSingletonBeanRegistry.java:234)
	at org.springframework.beans.factory.support.AbstractBeanFactory.doGetBean(AbstractBeanFactory.java:324)
	at org.springframework.beans.factory.support.AbstractBeanFactory.getBean(AbstractBeanFactory.java:200)
	at org.springframework.beans.factory.support.DefaultListableBeanFactory.preInstantiateSingletons(DefaultListableBeanFactory.java:975)
	at org.springframework.context.support.AbstractApplicationContext.finishBeanFactoryInitialization(AbstractApplicationContext.java:962)
	at org.springframework.context.support.AbstractApplicationContext.refresh(AbstractApplicationContext.java:624)
	at org.springframework.boot.web.servlet.context.ServletWebServerApplicationContext.refresh(ServletWebServerApplicationContext.java:146)
	at org.springframework.boot.SpringApplication.refresh(SpringApplication.java:754)
	at org.springframework.boot.SpringApplication.refreshContext(SpringApplication.java:456)
	at org.springframework.boot.SpringApplication.run(SpringApplication.java:334)
	at org.springframework.boot.SpringApplication.run(SpringApplication.java:1354)
	at org.springframework.boot.SpringApplication.run(SpringApplication.java:1343)
	at com.example.project.ProjectTemplateApplication.main(ProjectTemplateApplication.java:14)
Caused by: java.lang.IllegalArgumentException: Could not resolve placeholder 'authorization.expire' in value "${authorization.expire}"
	at org.springframework.util.PropertyPlaceholderHelper.parseStringValue(PropertyPlaceholderHelper.java:180)
	at org.springframework.util.PropertyPlaceholderHelper.replacePlaceholders(PropertyPlaceholderHelper.java:126)
	at org.springframework.core.env.AbstractPropertyResolver.doResolvePlaceholders(AbstractPropertyResolver.java:239)
	at org.springframework.core.env.AbstractPropertyResolver.resolveRequiredPlaceholders(AbstractPropertyResolver.java:210)
	at org.springframework.context.support.PropertySourcesPlaceholderConfigurer.lambda$processProperties$0(PropertySourcesPlaceholderConfigurer.java:200)
	at org.springframework.beans.factory.support.AbstractBeanFactory.resolveEmbeddedValue(AbstractBeanFactory.java:953)
	at org.springframework.beans.factory.support.DefaultListableBeanFactory.doResolveDependency(DefaultListableBeanFactory.java:1374)
	at org.springframework.beans.factory.support.DefaultListableBeanFactory.resolveDependency(DefaultListableBeanFactory.java:1353)
	at org.springframework.beans.factory.annotation.AutowiredAnnotationBeanPostProcessor$AutowiredFieldElement.resolveFieldValue(AutowiredAnnotationBeanPostProcessor.java:784)
	at org.springframework.beans.factory.annotation.AutowiredAnnotationBeanPostProcessor$AutowiredFieldElement.inject(AutowiredAnnotationBeanPostProcessor.java:767)
	at org.springframework.beans.factory.annotation.InjectionMetadata.inject(InjectionMetadata.java:145)
	at org.springframework.beans.factory.annotation.AutowiredAnnotationBeanPostProcessor.postProcessProperties(AutowiredAnnotationBeanPostProcessor.java:508)
	... 17 common frames omitted
2024-05-14 12:42:30.129 [main] [INFO ] c.e.p.ProjectTemplateApplication:50 Starting ProjectTemplateApplication using Java 17.0.7 with PID 10252 (E:\study\java\project-template\project-template\target\classes started by Zheju Niu in E:\study\java\project-template\project-template)
2024-05-14 12:42:30.131 [main] [INFO ] c.e.p.ProjectTemplateApplication:660 The following 1 profile is active: "dev"
2024-05-14 12:42:30.618 [main] [INFO ] o.s.d.r.c.RepositoryConfigurationDelegate:295 Multiple Spring Data modules found, entering strict repository configuration mode
2024-05-14 12:42:30.620 [main] [INFO ] o.s.d.r.c.RepositoryConfigurationDelegate:143 Bootstrapping Spring Data Redis repositories in DEFAULT mode.
2024-05-14 12:42:30.642 [main] [INFO ] o.s.d.r.c.RepositoryConfigurationDelegate:211 Finished Spring Data repository scanning in 14 ms. Found 0 Redis repository interfaces.
2024-05-14 12:42:31.054 [main] [INFO ] o.s.b.w.e.tomcat.TomcatWebServer:109 Tomcat initialized with port 8080 (http)
2024-05-14 12:42:31.062 [main] [INFO ] o.a.catalina.core.StandardService:173 Starting service [Tomcat]
2024-05-14 12:42:31.063 [main] [INFO ] o.a.catalina.core.StandardEngine:173 Starting Servlet engine: [Apache Tomcat/10.1.20]
2024-05-14 12:42:31.108 [main] [INFO ] o.a.c.c.C.[Tomcat].[localhost].[/]:173 Initializing Spring embedded WebApplicationContext
2024-05-14 12:42:31.108 [main] [INFO ] o.s.b.w.s.c.ServletWebServerApplicationContext:296 Root WebApplicationContext: initialization completed in 939 ms
2024-05-14 12:42:31.344 [main] [INFO ] com.zaxxer.hikari.HikariDataSource:110 HikariCP - Starting...
2024-05-14 12:42:31.552 [main] [INFO ] com.zaxxer.hikari.pool.HikariPool:565 HikariCP - Added connection com.mysql.cj.jdbc.ConnectionImpl@3f1158ee
2024-05-14 12:42:31.553 [main] [INFO ] com.zaxxer.hikari.HikariDataSource:123 HikariCP - Start completed.
2024-05-14 12:42:31.601 [main] [INFO ] o.f.c.i.license.VersionPrinter:37 Flyway Community Edition 9.22.3 by Redgate
2024-05-14 12:42:31.602 [main] [INFO ] o.f.c.i.license.VersionPrinter:37 See release notes here: https://rd.gt/416ObMi
2024-05-14 12:42:31.602 [main] [INFO ] o.f.c.i.license.VersionPrinter:37 
2024-05-14 12:42:31.621 [main] [INFO ] org.flywaydb.core.FlywayExecutor:37 Database: jdbc:mysql://192.168.56.101:3306/project_template (MySQL 8.0)
2024-05-14 12:42:31.656 [main] [INFO ] o.f.core.internal.command.DbValidate:37 Successfully validated 1 migration (execution time 00:00.018s)
2024-05-14 12:42:31.676 [main] [INFO ] o.f.core.internal.command.DbMigrate:37 Current version of schema `project_template`: 1.0.1
2024-05-14 12:42:31.679 [main] [INFO ] o.f.core.internal.command.DbMigrate:37 Schema `project_template` is up to date. No migration necessary.
2024-05-14 12:42:31.704 [main] [WARN ] o.s.b.w.s.c.AnnotationConfigServletWebServerApplicationContext:632 Exception encountered during context initialization - cancelling refresh attempt: org.springframework.beans.factory.BeanCreationException: Error creating bean with name 'userPermissionService': Injection of autowired dependencies failed
2024-05-14 12:42:31.704 [main] [INFO ] com.zaxxer.hikari.HikariDataSource:350 HikariCP - Shutdown initiated...
2024-05-14 12:42:31.709 [main] [INFO ] com.zaxxer.hikari.HikariDataSource:352 HikariCP - Shutdown completed.
2024-05-14 12:42:31.710 [main] [INFO ] o.a.catalina.core.StandardService:173 Stopping service [Tomcat]
2024-05-14 12:42:31.717 [main] [INFO ] o.s.b.a.l.ConditionEvaluationReportLogger:82 

Error starting ApplicationContext. To display the condition evaluation report re-run your application with 'debug' enabled.
2024-05-14 12:42:31.727 [main] [ERROR] o.s.boot.SpringApplication:851 Application run failed
org.springframework.beans.factory.BeanCreationException: Error creating bean with name 'userPermissionService': Injection of autowired dependencies failed
	at org.springframework.beans.factory.annotation.AutowiredAnnotationBeanPostProcessor.postProcessProperties(AutowiredAnnotationBeanPostProcessor.java:514)
	at org.springframework.beans.factory.support.AbstractAutowireCapableBeanFactory.populateBean(AbstractAutowireCapableBeanFactory.java:1419)
	at org.springframework.beans.factory.support.AbstractAutowireCapableBeanFactory.doCreateBean(AbstractAutowireCapableBeanFactory.java:599)
	at org.springframework.beans.factory.support.AbstractAutowireCapableBeanFactory.createBean(AbstractAutowireCapableBeanFactory.java:522)
	at org.springframework.beans.factory.support.AbstractBeanFactory.lambda$doGetBean$0(AbstractBeanFactory.java:326)
	at org.springframework.beans.factory.support.DefaultSingletonBeanRegistry.getSingleton(DefaultSingletonBeanRegistry.java:234)
	at org.springframework.beans.factory.support.AbstractBeanFactory.doGetBean(AbstractBeanFactory.java:324)
	at org.springframework.beans.factory.support.AbstractBeanFactory.getBean(AbstractBeanFactory.java:200)
	at org.springframework.beans.factory.support.DefaultListableBeanFactory.preInstantiateSingletons(DefaultListableBeanFactory.java:975)
	at org.springframework.context.support.AbstractApplicationContext.finishBeanFactoryInitialization(AbstractApplicationContext.java:962)
	at org.springframework.context.support.AbstractApplicationContext.refresh(AbstractApplicationContext.java:624)
	at org.springframework.boot.web.servlet.context.ServletWebServerApplicationContext.refresh(ServletWebServerApplicationContext.java:146)
	at org.springframework.boot.SpringApplication.refresh(SpringApplication.java:754)
	at org.springframework.boot.SpringApplication.refreshContext(SpringApplication.java:456)
	at org.springframework.boot.SpringApplication.run(SpringApplication.java:334)
	at org.springframework.boot.SpringApplication.run(SpringApplication.java:1354)
	at org.springframework.boot.SpringApplication.run(SpringApplication.java:1343)
	at com.example.project.ProjectTemplateApplication.main(ProjectTemplateApplication.java:14)
Caused by: java.lang.IllegalArgumentException: Could not resolve placeholder 'projct.authorization.expire' in value "${projct.authorization.expire}"
	at org.springframework.util.PropertyPlaceholderHelper.parseStringValue(PropertyPlaceholderHelper.java:180)
	at org.springframework.util.PropertyPlaceholderHelper.replacePlaceholders(PropertyPlaceholderHelper.java:126)
	at org.springframework.core.env.AbstractPropertyResolver.doResolvePlaceholders(AbstractPropertyResolver.java:239)
	at org.springframework.core.env.AbstractPropertyResolver.resolveRequiredPlaceholders(AbstractPropertyResolver.java:210)
	at org.springframework.context.support.PropertySourcesPlaceholderConfigurer.lambda$processProperties$0(PropertySourcesPlaceholderConfigurer.java:200)
	at org.springframework.beans.factory.support.AbstractBeanFactory.resolveEmbeddedValue(AbstractBeanFactory.java:953)
	at org.springframework.beans.factory.support.DefaultListableBeanFactory.doResolveDependency(DefaultListableBeanFactory.java:1374)
	at org.springframework.beans.factory.support.DefaultListableBeanFactory.resolveDependency(DefaultListableBeanFactory.java:1353)
	at org.springframework.beans.factory.annotation.AutowiredAnnotationBeanPostProcessor$AutowiredFieldElement.resolveFieldValue(AutowiredAnnotationBeanPostProcessor.java:784)
	at org.springframework.beans.factory.annotation.AutowiredAnnotationBeanPostProcessor$AutowiredFieldElement.inject(AutowiredAnnotationBeanPostProcessor.java:767)
	at org.springframework.beans.factory.annotation.InjectionMetadata.inject(InjectionMetadata.java:145)
	at org.springframework.beans.factory.annotation.AutowiredAnnotationBeanPostProcessor.postProcessProperties(AutowiredAnnotationBeanPostProcessor.java:508)
	... 17 common frames omitted
2024-05-14 12:43:03.064 [main] [INFO ] c.e.p.ProjectTemplateApplication:50 Starting ProjectTemplateApplication using Java 17.0.7 with PID 4000 (E:\study\java\project-template\project-template\target\classes started by Zheju Niu in E:\study\java\project-template\project-template)
2024-05-14 12:43:03.065 [main] [INFO ] c.e.p.ProjectTemplateApplication:660 The following 1 profile is active: "dev"
2024-05-14 12:43:03.543 [main] [INFO ] o.s.d.r.c.RepositoryConfigurationDelegate:295 Multiple Spring Data modules found, entering strict repository configuration mode
2024-05-14 12:43:03.545 [main] [INFO ] o.s.d.r.c.RepositoryConfigurationDelegate:143 Bootstrapping Spring Data Redis repositories in DEFAULT mode.
2024-05-14 12:43:03.565 [main] [INFO ] o.s.d.r.c.RepositoryConfigurationDelegate:211 Finished Spring Data repository scanning in 12 ms. Found 0 Redis repository interfaces.
2024-05-14 12:43:03.967 [main] [INFO ] o.s.b.w.e.tomcat.TomcatWebServer:109 Tomcat initialized with port 8080 (http)
2024-05-14 12:43:03.977 [main] [INFO ] o.a.catalina.core.StandardService:173 Starting service [Tomcat]
2024-05-14 12:43:03.978 [main] [INFO ] o.a.catalina.core.StandardEngine:173 Starting Servlet engine: [Apache Tomcat/10.1.20]
2024-05-14 12:43:04.021 [main] [INFO ] o.a.c.c.C.[Tomcat].[localhost].[/]:173 Initializing Spring embedded WebApplicationContext
2024-05-14 12:43:04.022 [main] [INFO ] o.s.b.w.s.c.ServletWebServerApplicationContext:296 Root WebApplicationContext: initialization completed in 922 ms
2024-05-14 12:43:04.256 [main] [INFO ] com.zaxxer.hikari.HikariDataSource:110 HikariCP - Starting...
2024-05-14 12:43:04.451 [main] [INFO ] com.zaxxer.hikari.pool.HikariPool:565 HikariCP - Added connection com.mysql.cj.jdbc.ConnectionImpl@4a4b288a
2024-05-14 12:43:04.452 [main] [INFO ] com.zaxxer.hikari.HikariDataSource:123 HikariCP - Start completed.
2024-05-14 12:43:04.509 [main] [INFO ] o.f.c.i.license.VersionPrinter:37 Flyway Community Edition 9.22.3 by Redgate
2024-05-14 12:43:04.510 [main] [INFO ] o.f.c.i.license.VersionPrinter:37 See release notes here: https://rd.gt/416ObMi
2024-05-14 12:43:04.510 [main] [INFO ] o.f.c.i.license.VersionPrinter:37 
2024-05-14 12:43:04.527 [main] [INFO ] org.flywaydb.core.FlywayExecutor:37 Database: jdbc:mysql://192.168.56.101:3306/project_template (MySQL 8.0)
2024-05-14 12:43:04.552 [main] [INFO ] o.f.c.i.s.JdbcTableSchemaHistory:37 Schema history table `project_template`.`flyway_schema_history` does not exist yet
2024-05-14 12:43:04.554 [main] [INFO ] o.f.core.internal.command.DbValidate:37 Successfully validated 1 migration (execution time 00:00.013s)
2024-05-14 12:43:04.576 [main] [INFO ] o.f.c.i.s.JdbcTableSchemaHistory:37 Creating Schema History table `project_template`.`flyway_schema_history` ...
2024-05-14 12:43:04.662 [main] [INFO ] o.f.core.internal.command.DbMigrate:37 Current version of schema `project_template`: << Empty Schema >>
2024-05-14 12:43:04.677 [main] [INFO ] o.f.core.internal.command.DbMigrate:37 Migrating schema `project_template` to version "1.0.1 - add table area"
2024-05-14 12:43:04.914 [main] [INFO ] o.f.core.internal.command.DbMigrate:37 Successfully applied 1 migration to schema `project_template`, now at version v1.0.1 (execution time 00:00.214s)
2024-05-14 12:43:04.929 [main] [WARN ] o.s.b.w.s.c.AnnotationConfigServletWebServerApplicationContext:632 Exception encountered during context initialization - cancelling refresh attempt: org.springframework.beans.factory.UnsatisfiedDependencyException: Error creating bean with name 'userPermissionService': Unsatisfied dependency expressed through field 'redisUtil': No qualifying bean of type 'com.example.project.util.RedisUtil' available: expected at least 1 bean which qualifies as autowire candidate. Dependency annotations: {@org.springframework.beans.factory.annotation.Autowired(required=true)}
2024-05-14 12:43:04.930 [main] [INFO ] com.zaxxer.hikari.HikariDataSource:350 HikariCP - Shutdown initiated...
2024-05-14 12:43:04.937 [main] [INFO ] com.zaxxer.hikari.HikariDataSource:352 HikariCP - Shutdown completed.
2024-05-14 12:43:04.939 [main] [INFO ] o.a.catalina.core.StandardService:173 Stopping service [Tomcat]
2024-05-14 12:43:04.945 [main] [INFO ] o.s.b.a.l.ConditionEvaluationReportLogger:82 

Error starting ApplicationContext. To display the condition evaluation report re-run your application with 'debug' enabled.
2024-05-14 12:43:04.954 [main] [ERROR] o.s.b.d.LoggingFailureAnalysisReporter:40 

***************************
APPLICATION FAILED TO START
***************************

Description:

Field redisUtil in com.example.project.service.UserPermissionService required a bean of type 'com.example.project.util.RedisUtil' that could not be found.

The injection point has the following annotations:
	- @org.springframework.beans.factory.annotation.Autowired(required=true)


Action:

Consider defining a bean of type 'com.example.project.util.RedisUtil' in your configuration.

