2024-05-07 14:33:57.602 [main] [INFO ] c.e.p.ProjectTemplateApplication:50 Starting ProjectTemplateApplication using Java 17.0.7 with PID 3860 (E:\study\java\project-template\project-template\target\classes started by Zheju Niu in E:\study\java\project-template\project-template)
2024-05-07 14:33:57.607 [main] [INFO ] c.e.p.ProjectTemplateApplication:660 The following 1 profile is active: "dev"
2024-05-07 14:33:58.144 [main] [INFO ] o.s.d.r.c.RepositoryConfigurationDelegate:295 Multiple Spring Data modules found, entering strict repository configuration mode
2024-05-07 14:33:58.147 [main] [INFO ] o.s.d.r.c.RepositoryConfigurationDelegate:143 Bootstrapping Spring Data Redis repositories in DEFAULT mode.
2024-05-07 14:33:58.171 [main] [INFO ] o.s.d.r.c.RepositoryConfigurationDelegate:211 Finished Spring Data repository scanning in 13 ms. Found 0 Redis repository interfaces.
2024-05-07 14:33:58.644 [main] [INFO ] o.s.b.w.e.tomcat.TomcatWebServer:109 Tomcat initialized with port 8080 (http)
2024-05-07 14:33:58.653 [main] [INFO ] o.a.catalina.core.StandardService:173 Starting service [Tomcat]
2024-05-07 14:33:58.655 [main] [INFO ] o.a.catalina.core.StandardEngine:173 Starting Servlet engine: [Apache Tomcat/10.1.20]
2024-05-07 14:33:58.697 [main] [INFO ] o.a.c.c.C.[Tomcat].[localhost].[/]:173 Initializing Spring embedded WebApplicationContext
2024-05-07 14:33:58.697 [main] [INFO ] o.s.b.w.s.c.ServletWebServerApplicationContext:296 Root WebApplicationContext: initialization completed in 1050 ms
2024-05-07 14:33:58.964 [main] [INFO ] com.zaxxer.hikari.HikariDataSource:110 HikariCP - Starting...
2024-05-07 14:34:21.059 [main] [ERROR] com.zaxxer.hikari.pool.HikariPool:594 HikariCP - Exception during pool initialization.
com.mysql.cj.jdbc.exceptions.CommunicationsException: Communications link failure

The last packet sent successfully to the server was 0 milliseconds ago. The driver has not received any packets from the server.
	at com.mysql.cj.jdbc.exceptions.SQLError.createCommunicationsException(SQLError.java:174)
	at com.mysql.cj.jdbc.exceptions.SQLExceptionsMapping.translateException(SQLExceptionsMapping.java:64)
	at com.mysql.cj.jdbc.ConnectionImpl.createNewIO(ConnectionImpl.java:815)
	at com.mysql.cj.jdbc.ConnectionImpl.<init>(ConnectionImpl.java:438)
	at com.mysql.cj.jdbc.ConnectionImpl.getInstance(ConnectionImpl.java:241)
	at com.mysql.cj.jdbc.NonRegisteringDriver.connect(NonRegisteringDriver.java:189)
	at com.zaxxer.hikari.util.DriverDataSource.getConnection(DriverDataSource.java:138)
	at com.zaxxer.hikari.pool.PoolBase.newConnection(PoolBase.java:359)
	at com.zaxxer.hikari.pool.PoolBase.newPoolEntry(PoolBase.java:201)
	at com.zaxxer.hikari.pool.HikariPool.createPoolEntry(HikariPool.java:470)
	at com.zaxxer.hikari.pool.HikariPool.checkFailFast(HikariPool.java:561)
	at com.zaxxer.hikari.pool.HikariPool.<init>(HikariPool.java:100)
	at com.zaxxer.hikari.HikariDataSource.getConnection(HikariDataSource.java:112)
	at org.flywaydb.core.api.configuration.ClassicConfiguration.setDataSource(ClassicConfiguration.java:1094)
	at org.flywaydb.core.api.configuration.FluentConfiguration.dataSource(FluentConfiguration.java:624)
	at org.springframework.boot.autoconfigure.flyway.FlywayAutoConfiguration$FlywayConfiguration.configureDataSource(FlywayAutoConfiguration.java:185)
	at org.springframework.boot.autoconfigure.flyway.FlywayAutoConfiguration$FlywayConfiguration.flyway(FlywayAutoConfiguration.java:172)
	at java.base/jdk.internal.reflect.NativeMethodAccessorImpl.invoke0(Native Method)
	at java.base/jdk.internal.reflect.NativeMethodAccessorImpl.invoke(NativeMethodAccessorImpl.java:77)
	at java.base/jdk.internal.reflect.DelegatingMethodAccessorImpl.invoke(DelegatingMethodAccessorImpl.java:43)
	at java.base/java.lang.reflect.Method.invoke(Method.java:568)
	at org.springframework.beans.factory.support.SimpleInstantiationStrategy.instantiate(SimpleInstantiationStrategy.java:140)
	at org.springframework.beans.factory.support.ConstructorResolver.instantiate(ConstructorResolver.java:644)
	at org.springframework.beans.factory.support.ConstructorResolver.instantiateUsingFactoryMethod(ConstructorResolver.java:636)
	at org.springframework.beans.factory.support.AbstractAutowireCapableBeanFactory.instantiateUsingFactoryMethod(AbstractAutowireCapableBeanFactory.java:1335)
	at org.springframework.beans.factory.support.AbstractAutowireCapableBeanFactory.createBeanInstance(AbstractAutowireCapableBeanFactory.java:1165)
	at org.springframework.beans.factory.support.AbstractAutowireCapableBeanFactory.doCreateBean(AbstractAutowireCapableBeanFactory.java:562)
	at org.springframework.beans.factory.support.AbstractAutowireCapableBeanFactory.createBean(AbstractAutowireCapableBeanFactory.java:522)
	at org.springframework.beans.factory.support.AbstractBeanFactory.lambda$doGetBean$0(AbstractBeanFactory.java:326)
	at org.springframework.beans.factory.support.DefaultSingletonBeanRegistry.getSingleton(DefaultSingletonBeanRegistry.java:234)
	at org.springframework.beans.factory.support.AbstractBeanFactory.doGetBean(AbstractBeanFactory.java:324)
	at org.springframework.beans.factory.support.AbstractBeanFactory.getBean(AbstractBeanFactory.java:200)
	at org.springframework.beans.factory.support.AbstractBeanFactory.doGetBean(AbstractBeanFactory.java:313)
	at org.springframework.beans.factory.support.AbstractBeanFactory.getBean(AbstractBeanFactory.java:200)
	at org.springframework.beans.factory.config.DependencyDescriptor.resolveCandidate(DependencyDescriptor.java:254)
	at org.springframework.beans.factory.support.DefaultListableBeanFactory.doResolveDependency(DefaultListableBeanFactory.java:1443)
	at org.springframework.beans.factory.support.DefaultListableBeanFactory.resolveDependency(DefaultListableBeanFactory.java:1353)
	at org.springframework.beans.factory.support.AbstractAutowireCapableBeanFactory.autowireByType(AbstractAutowireCapableBeanFactory.java:1501)
	at org.springframework.beans.factory.support.AbstractAutowireCapableBeanFactory.populateBean(AbstractAutowireCapableBeanFactory.java:1410)
	at org.springframework.beans.factory.support.AbstractAutowireCapableBeanFactory.doCreateBean(AbstractAutowireCapableBeanFactory.java:599)
	at org.springframework.beans.factory.support.AbstractAutowireCapableBeanFactory.createBean(AbstractAutowireCapableBeanFactory.java:522)
	at org.springframework.beans.factory.support.AbstractBeanFactory.lambda$doGetBean$0(AbstractBeanFactory.java:326)
	at org.springframework.beans.factory.support.DefaultSingletonBeanRegistry.getSingleton(DefaultSingletonBeanRegistry.java:234)
	at org.springframework.beans.factory.support.AbstractBeanFactory.doGetBean(AbstractBeanFactory.java:324)
	at org.springframework.beans.factory.support.AbstractBeanFactory.getBean(AbstractBeanFactory.java:200)
	at org.springframework.beans.factory.config.DependencyDescriptor.resolveCandidate(DependencyDescriptor.java:254)
	at org.springframework.beans.factory.support.DefaultListableBeanFactory.doResolveDependency(DefaultListableBeanFactory.java:1443)
	at org.springframework.beans.factory.support.DefaultListableBeanFactory.resolveDependency(DefaultListableBeanFactory.java:1353)
	at org.springframework.beans.factory.annotation.AutowiredAnnotationBeanPostProcessor$AutowiredMethodElement.resolveMethodArguments(AutowiredAnnotationBeanPostProcessor.java:887)
	at org.springframework.beans.factory.annotation.AutowiredAnnotationBeanPostProcessor$AutowiredMethodElement.inject(AutowiredAnnotationBeanPostProcessor.java:848)
	at org.springframework.beans.factory.annotation.InjectionMetadata.inject(InjectionMetadata.java:145)
	at org.springframework.beans.factory.annotation.AutowiredAnnotationBeanPostProcessor.postProcessProperties(AutowiredAnnotationBeanPostProcessor.java:508)
	at org.springframework.beans.factory.support.AbstractAutowireCapableBeanFactory.populateBean(AbstractAutowireCapableBeanFactory.java:1419)
	at org.springframework.beans.factory.support.AbstractAutowireCapableBeanFactory.doCreateBean(AbstractAutowireCapableBeanFactory.java:599)
	at org.springframework.beans.factory.support.AbstractAutowireCapableBeanFactory.createBean(AbstractAutowireCapableBeanFactory.java:522)
	at org.springframework.beans.factory.support.AbstractBeanFactory.lambda$doGetBean$0(AbstractBeanFactory.java:326)
	at org.springframework.beans.factory.support.DefaultSingletonBeanRegistry.getSingleton(DefaultSingletonBeanRegistry.java:234)
	at org.springframework.beans.factory.support.AbstractBeanFactory.doGetBean(AbstractBeanFactory.java:324)
	at org.springframework.beans.factory.support.AbstractBeanFactory.getBean(AbstractBeanFactory.java:200)
	at org.springframework.beans.factory.config.DependencyDescriptor.resolveCandidate(DependencyDescriptor.java:254)
	at org.springframework.beans.factory.support.DefaultListableBeanFactory.doResolveDependency(DefaultListableBeanFactory.java:1443)
	at org.springframework.beans.factory.support.DefaultListableBeanFactory.resolveDependency(DefaultListableBeanFactory.java:1353)
	at org.springframework.beans.factory.annotation.AutowiredAnnotationBeanPostProcessor$AutowiredMethodElement.resolveMethodArguments(AutowiredAnnotationBeanPostProcessor.java:887)
	at org.springframework.beans.factory.annotation.AutowiredAnnotationBeanPostProcessor$AutowiredMethodElement.inject(AutowiredAnnotationBeanPostProcessor.java:848)
	at org.springframework.beans.factory.annotation.InjectionMetadata.inject(InjectionMetadata.java:145)
	at org.springframework.beans.factory.annotation.AutowiredAnnotationBeanPostProcessor.postProcessProperties(AutowiredAnnotationBeanPostProcessor.java:508)
	at org.springframework.beans.factory.support.AbstractAutowireCapableBeanFactory.populateBean(AbstractAutowireCapableBeanFactory.java:1419)
	at org.springframework.beans.factory.support.AbstractAutowireCapableBeanFactory.doCreateBean(AbstractAutowireCapableBeanFactory.java:599)
	at org.springframework.beans.factory.support.AbstractAutowireCapableBeanFactory.createBean(AbstractAutowireCapableBeanFactory.java:522)
	at org.springframework.beans.factory.support.AbstractBeanFactory.lambda$doGetBean$0(AbstractBeanFactory.java:326)
	at org.springframework.beans.factory.support.DefaultSingletonBeanRegistry.getSingleton(DefaultSingletonBeanRegistry.java:234)
	at org.springframework.beans.factory.support.AbstractBeanFactory.doGetBean(AbstractBeanFactory.java:324)
	at org.springframework.beans.factory.support.AbstractBeanFactory.getBean(AbstractBeanFactory.java:200)
	at org.springframework.beans.factory.support.DefaultListableBeanFactory.preInstantiateSingletons(DefaultListableBeanFactory.java:975)
	at org.springframework.context.support.AbstractApplicationContext.finishBeanFactoryInitialization(AbstractApplicationContext.java:962)
	at org.springframework.context.support.AbstractApplicationContext.refresh(AbstractApplicationContext.java:624)
	at org.springframework.boot.web.servlet.context.ServletWebServerApplicationContext.refresh(ServletWebServerApplicationContext.java:146)
	at org.springframework.boot.SpringApplication.refresh(SpringApplication.java:754)
	at org.springframework.boot.SpringApplication.refreshContext(SpringApplication.java:456)
	at org.springframework.boot.SpringApplication.run(SpringApplication.java:334)
	at org.springframework.boot.SpringApplication.run(SpringApplication.java:1354)
	at org.springframework.boot.SpringApplication.run(SpringApplication.java:1343)
	at com.example.project.ProjectTemplateApplication.main(ProjectTemplateApplication.java:12)
Caused by: com.mysql.cj.exceptions.CJCommunicationsException: Communications link failure

The last packet sent successfully to the server was 0 milliseconds ago. The driver has not received any packets from the server.
	at java.base/jdk.internal.reflect.NativeConstructorAccessorImpl.newInstance0(Native Method)
	at java.base/jdk.internal.reflect.NativeConstructorAccessorImpl.newInstance(NativeConstructorAccessorImpl.java:77)
	at java.base/jdk.internal.reflect.DelegatingConstructorAccessorImpl.newInstance(DelegatingConstructorAccessorImpl.java:45)
	at java.base/java.lang.reflect.Constructor.newInstanceWithCaller(Constructor.java:499)
	at java.base/java.lang.reflect.Constructor.newInstance(Constructor.java:480)
	at com.mysql.cj.exceptions.ExceptionFactory.createException(ExceptionFactory.java:61)
	at com.mysql.cj.exceptions.ExceptionFactory.createException(ExceptionFactory.java:104)
	at com.mysql.cj.exceptions.ExceptionFactory.createException(ExceptionFactory.java:149)
	at com.mysql.cj.exceptions.ExceptionFactory.createCommunicationsException(ExceptionFactory.java:165)
	at com.mysql.cj.protocol.a.NativeSocketConnection.connect(NativeSocketConnection.java:88)
	at com.mysql.cj.NativeSession.connect(NativeSession.java:120)
	at com.mysql.cj.jdbc.ConnectionImpl.connectOneTryOnly(ConnectionImpl.java:935)
	at com.mysql.cj.jdbc.ConnectionImpl.createNewIO(ConnectionImpl.java:805)
	... 80 common frames omitted
Caused by: java.net.ConnectException: Connection timed out: no further information
	at java.base/sun.nio.ch.Net.pollConnect(Native Method)
	at java.base/sun.nio.ch.Net.pollConnectNow(Net.java:672)
	at java.base/sun.nio.ch.NioSocketImpl.timedFinishConnect(NioSocketImpl.java:549)
	at java.base/sun.nio.ch.NioSocketImpl.connect(NioSocketImpl.java:597)
	at java.base/java.net.SocksSocketImpl.connect(SocksSocketImpl.java:327)
	at java.base/java.net.Socket.connect(Socket.java:633)
	at com.mysql.cj.protocol.StandardSocketFactory.connect(StandardSocketFactory.java:153)
	at com.mysql.cj.protocol.a.NativeSocketConnection.connect(NativeSocketConnection.java:62)
	... 83 common frames omitted
2024-05-07 14:34:21.120 [main] [INFO ] o.f.c.i.license.VersionPrinter:37 Flyway Community Edition 9.22.3 by Redgate
2024-05-07 14:34:21.120 [main] [INFO ] o.f.c.i.license.VersionPrinter:37 See release notes here: https://rd.gt/416ObMi
2024-05-07 14:34:21.120 [main] [INFO ] o.f.c.i.license.VersionPrinter:37 
2024-05-07 14:34:21.127 [main] [INFO ] com.zaxxer.hikari.HikariDataSource:110 HikariCP - Starting...
2024-05-07 14:36:22.035 [main] [INFO ] c.e.p.ProjectTemplateApplication:50 Starting ProjectTemplateApplication using Java 17.0.7 with PID 19104 (E:\study\java\project-template\project-template\target\classes started by Zheju Niu in E:\study\java\project-template\project-template)
2024-05-07 14:36:22.037 [main] [INFO ] c.e.p.ProjectTemplateApplication:660 The following 1 profile is active: "dev"
2024-05-07 14:36:22.489 [main] [INFO ] o.s.d.r.c.RepositoryConfigurationDelegate:295 Multiple Spring Data modules found, entering strict repository configuration mode
2024-05-07 14:36:22.492 [main] [INFO ] o.s.d.r.c.RepositoryConfigurationDelegate:143 Bootstrapping Spring Data Redis repositories in DEFAULT mode.
2024-05-07 14:36:22.513 [main] [INFO ] o.s.d.r.c.RepositoryConfigurationDelegate:211 Finished Spring Data repository scanning in 11 ms. Found 0 Redis repository interfaces.
2024-05-07 14:36:22.903 [main] [INFO ] o.s.b.w.e.tomcat.TomcatWebServer:109 Tomcat initialized with port 8080 (http)
2024-05-07 14:36:22.910 [main] [INFO ] o.a.catalina.core.StandardService:173 Starting service [Tomcat]
2024-05-07 14:36:22.912 [main] [INFO ] o.a.catalina.core.StandardEngine:173 Starting Servlet engine: [Apache Tomcat/10.1.20]
2024-05-07 14:36:22.955 [main] [INFO ] o.a.c.c.C.[Tomcat].[localhost].[/]:173 Initializing Spring embedded WebApplicationContext
2024-05-07 14:36:22.955 [main] [INFO ] o.s.b.w.s.c.ServletWebServerApplicationContext:296 Root WebApplicationContext: initialization completed in 888 ms
2024-05-07 14:36:23.126 [main] [INFO ] com.zaxxer.hikari.HikariDataSource:110 HikariCP - Starting...
2024-05-07 14:36:27.334 [main] [INFO ] com.zaxxer.hikari.pool.HikariPool:565 HikariCP - Added connection com.mysql.cj.jdbc.ConnectionImpl@4ebfb045
2024-05-07 14:36:27.336 [main] [INFO ] com.zaxxer.hikari.HikariDataSource:123 HikariCP - Start completed.
2024-05-07 14:36:27.384 [main] [INFO ] o.f.c.i.license.VersionPrinter:37 Flyway Community Edition 9.22.3 by Redgate
2024-05-07 14:36:27.384 [main] [INFO ] o.f.c.i.license.VersionPrinter:37 See release notes here: https://rd.gt/416ObMi
2024-05-07 14:36:27.384 [main] [INFO ] o.f.c.i.license.VersionPrinter:37 
2024-05-07 14:36:27.421 [main] [INFO ] org.flywaydb.core.FlywayExecutor:37 Database: jdbc:mysql://192.168.56.101:3306/test (MySQL 8.0)
2024-05-07 14:36:27.501 [main] [INFO ] o.f.core.internal.command.DbValidate:37 Successfully validated 2 migrations (execution time 00:00.055s)
2024-05-07 14:36:27.524 [main] [INFO ] o.f.core.internal.command.DbMigrate:37 Current version of schema `test`: 1.0.1
2024-05-07 14:36:27.528 [main] [INFO ] o.f.core.internal.command.DbMigrate:37 Schema `test` is up to date. No migration necessary.
2024-05-07 14:36:28.111 [main] [WARN ] o.s.b.a.s.s.UserDetailsServiceAutoConfiguration:86 

Using generated security password: 6f9eb5c7-2e5f-4f9e-84ed-c28242f6cd9b

This generated password is for development use only. Your security configuration must be updated before running your application in production.

2024-05-07 14:36:28.192 [main] [INFO ] o.s.s.web.DefaultSecurityFilterChain:54 Will secure any request with [org.springframework.security.web.session.DisableEncodeUrlFilter@5f877009, org.springframework.security.web.context.request.async.WebAsyncManagerIntegrationFilter@591ba330, org.springframework.security.web.context.SecurityContextHolderFilter@542beecb, org.springframework.security.web.header.HeaderWriterFilter@162e29a1, org.springframework.web.filter.CorsFilter@14b4ce6f, org.springframework.security.web.csrf.CsrfFilter@17063c32, org.springframework.security.web.authentication.logout.LogoutFilter@64eb14da, org.springframework.security.web.authentication.UsernamePasswordAuthenticationFilter@2ebcbf9d, org.springframework.security.web.authentication.ui.DefaultLoginPageGeneratingFilter@77978658, org.springframework.security.web.authentication.ui.DefaultLogoutPageGeneratingFilter@7c5c2b17, org.springframework.security.web.authentication.www.BasicAuthenticationFilter@72ce8a9b, org.springframework.security.web.savedrequest.RequestCacheAwareFilter@2cc9a948, org.springframework.security.web.servletapi.SecurityContextHolderAwareRequestFilter@6f2a1ff0, org.springframework.security.web.authentication.AnonymousAuthenticationFilter@18bf1bad, org.springframework.security.web.access.ExceptionTranslationFilter@282aea3c, org.springframework.security.web.access.intercept.AuthorizationFilter@75e92bb7]
2024-05-07 14:36:28.233 [main] [INFO ] o.s.b.w.e.tomcat.TomcatWebServer:241 Tomcat started on port 8080 (http) with context path ''
2024-05-07 14:36:28.240 [main] [INFO ] c.e.p.ProjectTemplateApplication:56 Started ProjectTemplateApplication in 6.534 seconds (process running for 6.892)
2024-05-07 14:37:21.678 [SpringApplicationShutdownHook] [INFO ] com.zaxxer.hikari.HikariDataSource:350 HikariCP - Shutdown initiated...
2024-05-07 14:37:21.684 [SpringApplicationShutdownHook] [INFO ] com.zaxxer.hikari.HikariDataSource:352 HikariCP - Shutdown completed.
2024-05-07 14:50:05.316 [main] [INFO ] c.e.p.ProjectTemplateApplicationTests:50 Starting ProjectTemplateApplicationTests using Java 17.0.7 with PID 12332 (started by Zheju Niu in E:\study\java\project-template\project-template)
2024-05-07 14:50:05.319 [main] [INFO ] c.e.p.ProjectTemplateApplicationTests:660 The following 1 profile is active: "dev"
2024-05-07 14:50:06.164 [main] [INFO ] o.s.d.r.c.RepositoryConfigurationDelegate:295 Multiple Spring Data modules found, entering strict repository configuration mode
2024-05-07 14:50:06.166 [main] [INFO ] o.s.d.r.c.RepositoryConfigurationDelegate:143 Bootstrapping Spring Data Redis repositories in DEFAULT mode.
2024-05-07 14:50:06.198 [main] [INFO ] o.s.d.r.c.RepositoryConfigurationDelegate:211 Finished Spring Data repository scanning in 17 ms. Found 0 Redis repository interfaces.
2024-05-07 14:50:07.040 [main] [INFO ] com.zaxxer.hikari.HikariDataSource:110 HikariCP - Starting...
2024-05-07 14:50:07.557 [main] [INFO ] com.zaxxer.hikari.pool.HikariPool:565 HikariCP - Added connection com.mysql.cj.jdbc.ConnectionImpl@52b32b70
2024-05-07 14:50:07.561 [main] [INFO ] com.zaxxer.hikari.HikariDataSource:123 HikariCP - Start completed.
2024-05-07 14:50:07.633 [main] [INFO ] o.f.c.i.license.VersionPrinter:37 Flyway Community Edition 9.22.3 by Redgate
2024-05-07 14:50:07.633 [main] [INFO ] o.f.c.i.license.VersionPrinter:37 See release notes here: https://rd.gt/416ObMi
2024-05-07 14:50:07.634 [main] [INFO ] o.f.c.i.license.VersionPrinter:37 
2024-05-07 14:50:07.657 [main] [INFO ] org.flywaydb.core.FlywayExecutor:37 Database: jdbc:mysql://192.168.56.101:3306/test (MySQL 8.0)
2024-05-07 14:50:07.719 [main] [INFO ] o.f.core.internal.command.DbValidate:37 Successfully validated 2 migrations (execution time 00:00.030s)
2024-05-07 14:50:07.740 [main] [INFO ] o.f.core.internal.command.DbMigrate:37 Current version of schema `test`: 1.0.1
2024-05-07 14:50:07.743 [main] [INFO ] o.f.core.internal.command.DbMigrate:37 Schema `test` is up to date. No migration necessary.
2024-05-07 14:50:09.732 [main] [WARN ] o.s.b.a.s.s.UserDetailsServiceAutoConfiguration:86 

Using generated security password: 7ccd0330-9229-428e-9cf4-bbff976e000f

This generated password is for development use only. Your security configuration must be updated before running your application in production.

2024-05-07 14:50:10.085 [main] [INFO ] o.s.s.web.DefaultSecurityFilterChain:54 Will secure any request with [org.springframework.security.web.session.DisableEncodeUrlFilter@4a7e469d, org.springframework.security.web.context.request.async.WebAsyncManagerIntegrationFilter@688efeb2, org.springframework.security.web.context.SecurityContextHolderFilter@6b2efcae, org.springframework.security.web.header.HeaderWriterFilter@35fac3ba, org.springframework.web.filter.CorsFilter@85f5f55, org.springframework.security.web.csrf.CsrfFilter@3a663a45, org.springframework.security.web.authentication.logout.LogoutFilter@4e67e090, org.springframework.security.web.authentication.UsernamePasswordAuthenticationFilter@58041b11, org.springframework.security.web.authentication.ui.DefaultLoginPageGeneratingFilter@c8531b9, org.springframework.security.web.authentication.ui.DefaultLogoutPageGeneratingFilter@131c5bd, org.springframework.security.web.authentication.www.BasicAuthenticationFilter@510e6b93, org.springframework.security.web.savedrequest.RequestCacheAwareFilter@5c70c771, org.springframework.security.web.servletapi.SecurityContextHolderAwareRequestFilter@346690d6, org.springframework.security.web.authentication.AnonymousAuthenticationFilter@394331a8, org.springframework.security.web.access.ExceptionTranslationFilter@7263b0c4, org.springframework.security.web.access.intercept.AuthorizationFilter@3fa50a24]
2024-05-07 14:50:10.219 [main] [INFO ] c.e.p.ProjectTemplateApplicationTests:56 Started ProjectTemplateApplicationTests in 5.353 seconds (process running for 6.692)
2024-05-07 14:58:14.999 [HikariCP housekeeper] [WARN ] com.zaxxer.hikari.pool.HikariPool:804 HikariCP - Thread starvation or clock leap detected (housekeeper delta=8m7s336ms254µs600ns).
2024-05-07 14:58:15.048 [SpringApplicationShutdownHook] [INFO ] com.zaxxer.hikari.HikariDataSource:350 HikariCP - Shutdown initiated...
2024-05-07 14:58:15.055 [SpringApplicationShutdownHook] [INFO ] com.zaxxer.hikari.HikariDataSource:352 HikariCP - Shutdown completed.
2024-05-07 15:08:53.037 [main] [INFO ] c.e.p.ProjectTemplateApplicationTests:50 Starting ProjectTemplateApplicationTests using Java 17.0.7 with PID 13912 (started by Zheju Niu in E:\study\java\project-template\project-template)
2024-05-07 15:08:53.039 [main] [INFO ] c.e.p.ProjectTemplateApplicationTests:660 The following 1 profile is active: "dev"
2024-05-07 15:08:53.806 [main] [INFO ] o.s.d.r.c.RepositoryConfigurationDelegate:295 Multiple Spring Data modules found, entering strict repository configuration mode
2024-05-07 15:08:53.808 [main] [INFO ] o.s.d.r.c.RepositoryConfigurationDelegate:143 Bootstrapping Spring Data Redis repositories in DEFAULT mode.
2024-05-07 15:08:53.843 [main] [INFO ] o.s.d.r.c.RepositoryConfigurationDelegate:211 Finished Spring Data repository scanning in 17 ms. Found 0 Redis repository interfaces.
2024-05-07 15:08:54.706 [main] [INFO ] com.zaxxer.hikari.HikariDataSource:110 HikariCP - Starting...
2024-05-07 15:08:55.227 [main] [INFO ] com.zaxxer.hikari.pool.HikariPool:565 HikariCP - Added connection com.mysql.cj.jdbc.ConnectionImpl@52b30054
2024-05-07 15:08:55.230 [main] [INFO ] com.zaxxer.hikari.HikariDataSource:123 HikariCP - Start completed.
2024-05-07 15:08:55.310 [main] [INFO ] o.f.c.i.license.VersionPrinter:37 Flyway Community Edition 9.22.3 by Redgate
2024-05-07 15:08:55.311 [main] [INFO ] o.f.c.i.license.VersionPrinter:37 See release notes here: https://rd.gt/416ObMi
2024-05-07 15:08:55.311 [main] [INFO ] o.f.c.i.license.VersionPrinter:37 
2024-05-07 15:08:55.329 [main] [INFO ] org.flywaydb.core.FlywayExecutor:37 Database: jdbc:mysql://192.168.56.101:3306/test (MySQL 8.0)
2024-05-07 15:08:55.398 [main] [INFO ] o.f.core.internal.command.DbValidate:37 Successfully validated 2 migrations (execution time 00:00.034s)
2024-05-07 15:08:55.418 [main] [INFO ] o.f.core.internal.command.DbMigrate:37 Current version of schema `test`: 1.0.1
2024-05-07 15:08:55.423 [main] [INFO ] o.f.core.internal.command.DbMigrate:37 Schema `test` is up to date. No migration necessary.
2024-05-07 15:10:32.555 [main] [WARN ] o.s.b.a.s.s.UserDetailsServiceAutoConfiguration:86 

Using generated security password: bec3e9d0-a600-48c0-bc50-e948fb7fc7a0

This generated password is for development use only. Your security configuration must be updated before running your application in production.

2024-05-07 15:10:32.816 [main] [INFO ] o.s.s.web.DefaultSecurityFilterChain:54 Will secure any request with [org.springframework.security.web.session.DisableEncodeUrlFilter@15c3849f, org.springframework.security.web.context.request.async.WebAsyncManagerIntegrationFilter@4a7e469d, org.springframework.security.web.context.SecurityContextHolderFilter@3f2afa8b, org.springframework.security.web.header.HeaderWriterFilter@361c4981, org.springframework.web.filter.CorsFilter@688efeb2, org.springframework.security.web.csrf.CsrfFilter@57ac2910, org.springframework.security.web.authentication.logout.LogoutFilter@bb38c49, org.springframework.security.web.authentication.UsernamePasswordAuthenticationFilter@3fa50a24, org.springframework.security.web.authentication.ui.DefaultLoginPageGeneratingFilter@2a191f83, org.springframework.security.web.authentication.ui.DefaultLogoutPageGeneratingFilter@85f5f55, org.springframework.security.web.authentication.www.BasicAuthenticationFilter@6c767288, org.springframework.security.web.savedrequest.RequestCacheAwareFilter@8aa1562, org.springframework.security.web.servletapi.SecurityContextHolderAwareRequestFilter@5c70c771, org.springframework.security.web.authentication.AnonymousAuthenticationFilter@131c5bd, org.springframework.security.web.access.ExceptionTranslationFilter@7282f7b1, org.springframework.security.web.access.intercept.AuthorizationFilter@6fbfd28b]
2024-05-07 15:10:32.938 [main] [INFO ] c.e.p.ProjectTemplateApplicationTests:56 Started ProjectTemplateApplicationTests in 100.307 seconds (process running for 101.123)
2024-05-07 15:10:33.009 [SpringApplicationShutdownHook] [INFO ] com.zaxxer.hikari.HikariDataSource:350 HikariCP - Shutdown initiated...
2024-05-07 15:10:33.028 [SpringApplicationShutdownHook] [INFO ] com.zaxxer.hikari.HikariDataSource:352 HikariCP - Shutdown completed.
2024-05-07 15:11:44.401 [main] [INFO ] c.e.p.ProjectTemplateApplicationTests:50 Starting ProjectTemplateApplicationTests using Java 17.0.7 with PID 2612 (started by Zheju Niu in E:\study\java\project-template\project-template)
2024-05-07 15:11:44.403 [main] [INFO ] c.e.p.ProjectTemplateApplicationTests:660 The following 1 profile is active: "dev"
2024-05-07 15:11:45.160 [main] [INFO ] o.s.d.r.c.RepositoryConfigurationDelegate:295 Multiple Spring Data modules found, entering strict repository configuration mode
2024-05-07 15:11:45.162 [main] [INFO ] o.s.d.r.c.RepositoryConfigurationDelegate:143 Bootstrapping Spring Data Redis repositories in DEFAULT mode.
2024-05-07 15:11:45.192 [main] [INFO ] o.s.d.r.c.RepositoryConfigurationDelegate:211 Finished Spring Data repository scanning in 17 ms. Found 0 Redis repository interfaces.
2024-05-07 15:11:46.029 [main] [INFO ] com.zaxxer.hikari.HikariDataSource:110 HikariCP - Starting...
2024-05-07 15:11:46.534 [main] [INFO ] com.zaxxer.hikari.pool.HikariPool:565 HikariCP - Added connection com.mysql.cj.jdbc.ConnectionImpl@52b32b70
2024-05-07 15:11:46.536 [main] [INFO ] com.zaxxer.hikari.HikariDataSource:123 HikariCP - Start completed.
2024-05-07 15:11:46.620 [main] [INFO ] o.f.c.i.license.VersionPrinter:37 Flyway Community Edition 9.22.3 by Redgate
2024-05-07 15:11:46.620 [main] [INFO ] o.f.c.i.license.VersionPrinter:37 See release notes here: https://rd.gt/416ObMi
2024-05-07 15:11:46.620 [main] [INFO ] o.f.c.i.license.VersionPrinter:37 
2024-05-07 15:11:46.637 [main] [INFO ] org.flywaydb.core.FlywayExecutor:37 Database: jdbc:mysql://192.168.56.101:3306/test (MySQL 8.0)
2024-05-07 15:11:46.703 [main] [INFO ] o.f.core.internal.command.DbValidate:37 Successfully validated 2 migrations (execution time 00:00.035s)
2024-05-07 15:11:46.728 [main] [INFO ] o.f.core.internal.command.DbMigrate:37 Current version of schema `test`: 1.0.1
2024-05-07 15:11:46.732 [main] [INFO ] o.f.core.internal.command.DbMigrate:37 Schema `test` is up to date. No migration necessary.
2024-05-07 15:12:14.855 [main] [WARN ] o.s.b.a.s.s.UserDetailsServiceAutoConfiguration:86 

Using generated security password: 671fc442-8bd5-41bd-af6a-d50ca889eabc

This generated password is for development use only. Your security configuration must be updated before running your application in production.

2024-05-07 15:12:15.144 [main] [INFO ] o.s.s.web.DefaultSecurityFilterChain:54 Will secure any request with [org.springframework.security.web.session.DisableEncodeUrlFilter@85f5f55, org.springframework.security.web.context.request.async.WebAsyncManagerIntegrationFilter@131c5bd, org.springframework.security.web.context.SecurityContextHolderFilter@5c70c771, org.springframework.security.web.header.HeaderWriterFilter@3f2afa8b, org.springframework.web.filter.CorsFilter@394331a8, org.springframework.security.web.csrf.CsrfFilter@988c126, org.springframework.security.web.authentication.logout.LogoutFilter@14983265, org.springframework.security.web.authentication.UsernamePasswordAuthenticationFilter@49222187, org.springframework.security.web.authentication.ui.DefaultLoginPageGeneratingFilter@5e976553, org.springframework.security.web.authentication.ui.DefaultLogoutPageGeneratingFilter@2627335c, org.springframework.security.web.authentication.www.BasicAuthenticationFilter@15c3849f, org.springframework.security.web.savedrequest.RequestCacheAwareFilter@2831c178, org.springframework.security.web.servletapi.SecurityContextHolderAwareRequestFilter@70e8c019, org.springframework.security.web.authentication.AnonymousAuthenticationFilter@5470753a, org.springframework.security.web.access.ExceptionTranslationFilter@35fac3ba, org.springframework.security.web.access.intercept.AuthorizationFilter@58189b85]
2024-05-07 15:12:15.282 [main] [INFO ] c.e.p.ProjectTemplateApplicationTests:56 Started ProjectTemplateApplicationTests in 31.29 seconds (process running for 32.081)
2024-05-07 15:12:35.968 [HikariCP housekeeper] [WARN ] com.zaxxer.hikari.pool.HikariPool:804 HikariCP - Thread starvation or clock leap detected (housekeeper delta=49s329ms493µs).
2024-05-07 15:12:36.005 [SpringApplicationShutdownHook] [INFO ] com.zaxxer.hikari.HikariDataSource:350 HikariCP - Shutdown initiated...
2024-05-07 15:12:36.013 [SpringApplicationShutdownHook] [INFO ] com.zaxxer.hikari.HikariDataSource:352 HikariCP - Shutdown completed.
