2024-05-10 13:23:30.432 [main] [INFO ] c.e.p.ProjectTemplateApplication:50 Starting ProjectTemplateApplication using Java 17.0.7 with PID 17100 (E:\study\java\project-template\project-template\target\classes started by Zheju Niu in E:\study\java\project-template\project-template)
2024-05-10 13:23:30.438 [main] [INFO ] c.e.p.ProjectTemplateApplication:660 The following 1 profile is active: "dev"
2024-05-10 13:23:31.049 [main] [INFO ] o.s.d.r.c.RepositoryConfigurationDelegate:295 Multiple Spring Data modules found, entering strict repository configuration mode
2024-05-10 13:23:31.053 [main] [INFO ] o.s.d.r.c.RepositoryConfigurationDelegate:143 Bootstrapping Spring Data Redis repositories in DEFAULT mode.
2024-05-10 13:23:31.091 [main] [INFO ] o.s.d.r.c.RepositoryConfigurationDelegate:211 Finished Spring Data repository scanning in 22 ms. Found 0 Redis repository interfaces.
2024-05-10 13:23:31.674 [main] [INFO ] o.s.b.w.e.tomcat.TomcatWebServer:109 Tomcat initialized with port 8080 (http)
2024-05-10 13:23:31.682 [main] [INFO ] o.a.catalina.core.StandardService:173 Starting service [Tomcat]
2024-05-10 13:23:31.683 [main] [INFO ] o.a.catalina.core.StandardEngine:173 Starting Servlet engine: [Apache Tomcat/10.1.20]
2024-05-10 13:23:31.728 [main] [INFO ] o.a.c.c.C.[Tomcat].[localhost].[/]:173 Initializing Spring embedded WebApplicationContext
2024-05-10 13:23:31.729 [main] [INFO ] o.s.b.w.s.c.ServletWebServerApplicationContext:296 Root WebApplicationContext: initialization completed in 1252 ms
2024-05-10 13:23:31.959 [main] [INFO ] com.zaxxer.hikari.HikariDataSource:110 HikariCP - Starting...
2024-05-10 13:23:32.291 [main] [INFO ] com.zaxxer.hikari.pool.HikariPool:565 HikariCP - Added connection com.mysql.cj.jdbc.ConnectionImpl@d85b399
2024-05-10 13:23:32.292 [main] [INFO ] com.zaxxer.hikari.HikariDataSource:123 HikariCP - Start completed.
2024-05-10 13:23:32.356 [main] [INFO ] o.f.c.i.license.VersionPrinter:37 Flyway Community Edition 9.22.3 by Redgate
2024-05-10 13:23:32.356 [main] [INFO ] o.f.c.i.license.VersionPrinter:37 See release notes here: https://rd.gt/416ObMi
2024-05-10 13:23:32.356 [main] [INFO ] o.f.c.i.license.VersionPrinter:37 
2024-05-10 13:23:32.381 [main] [INFO ] org.flywaydb.core.FlywayExecutor:37 Database: jdbc:mysql://192.168.56.101:3306/project_template (MySQL 8.0)
2024-05-10 13:23:32.412 [main] [INFO ] o.f.c.i.s.JdbcTableSchemaHistory:37 Schema history table `project_template`.`flyway_schema_history` does not exist yet
2024-05-10 13:23:32.415 [main] [INFO ] o.f.core.internal.command.DbValidate:37 Successfully validated 1 migration (execution time 00:00.017s)
2024-05-10 13:23:32.439 [main] [INFO ] o.f.c.i.s.JdbcTableSchemaHistory:37 Creating Schema History table `project_template`.`flyway_schema_history` ...
2024-05-10 13:23:32.538 [main] [INFO ] o.f.core.internal.command.DbMigrate:37 Current version of schema `project_template`: << Empty Schema >>
2024-05-10 13:23:32.549 [main] [INFO ] o.f.core.internal.command.DbMigrate:37 Migrating schema `project_template` to version "1.0.1 - add table area"
2024-05-10 13:23:32.619 [main] [INFO ] o.f.core.internal.command.DbMigrate:37 Successfully applied 1 migration to schema `project_template`, now at version v1.0.1 (execution time 00:00.039s)
2024-05-10 13:23:33.279 [main] [WARN ] o.s.b.a.s.s.UserDetailsServiceAutoConfiguration:86 

Using generated security password: 649b35f3-cb48-4982-890c-cd40ff1e2c24

This generated password is for development use only. Your security configuration must be updated before running your application in production.

2024-05-10 13:23:33.362 [main] [INFO ] o.s.s.web.DefaultSecurityFilterChain:54 Will secure any request with [org.springframework.security.web.session.DisableEncodeUrlFilter@642d34f1, org.springframework.security.web.context.request.async.WebAsyncManagerIntegrationFilter@49b180c8, org.springframework.security.web.context.SecurityContextHolderFilter@35e357b, org.springframework.security.web.header.HeaderWriterFilter@4e67e090, org.springframework.web.filter.CorsFilter@c02a1be, org.springframework.security.web.csrf.CsrfFilter@2a191f83, org.springframework.security.web.authentication.logout.LogoutFilter@688efeb2, org.springframework.security.web.authentication.UsernamePasswordAuthenticationFilter@3b0c38f2, org.springframework.security.web.authentication.ui.DefaultLoginPageGeneratingFilter@5186c801, org.springframework.security.web.authentication.ui.DefaultLogoutPageGeneratingFilter@6f740044, org.springframework.security.web.authentication.www.BasicAuthenticationFilter@4c3c31a5, org.springframework.security.web.savedrequest.RequestCacheAwareFilter@6055e899, org.springframework.security.web.servletapi.SecurityContextHolderAwareRequestFilter@350be5ec, org.springframework.security.web.authentication.AnonymousAuthenticationFilter@62732be7, org.springframework.security.web.access.ExceptionTranslationFilter@3a42145, org.springframework.security.web.access.intercept.AuthorizationFilter@248b2091]
2024-05-10 13:23:33.407 [main] [INFO ] o.s.b.w.e.tomcat.TomcatWebServer:241 Tomcat started on port 8080 (http) with context path ''
2024-05-10 13:23:33.417 [main] [INFO ] c.e.p.ProjectTemplateApplication:56 Started ProjectTemplateApplication in 3.394 seconds (process running for 3.972)
2024-05-10 13:25:00.747 [http-nio-8080-exec-1] [INFO ] o.a.c.c.C.[Tomcat].[localhost].[/]:173 Initializing Spring DispatcherServlet 'dispatcherServlet'
2024-05-10 13:25:00.747 [http-nio-8080-exec-1] [INFO ] o.s.web.servlet.DispatcherServlet:532 Initializing Servlet 'dispatcherServlet'
2024-05-10 13:25:00.749 [http-nio-8080-exec-1] [INFO ] o.s.web.servlet.DispatcherServlet:554 Completed initialization in 2 ms
2024-05-10 15:12:40.865 [SpringApplicationShutdownHook] [INFO ] com.zaxxer.hikari.HikariDataSource:350 HikariCP - Shutdown initiated...
2024-05-10 15:12:40.873 [SpringApplicationShutdownHook] [INFO ] com.zaxxer.hikari.HikariDataSource:352 HikariCP - Shutdown completed.
